This is pdfTeX, Version 3.14159265-2.6-1.40.15 (TeX Live 2014) (preloaded format=pdflatex 2014.11.21)  4 DEC 2014 03:22
entering extended mode
 restricted \write18 enabled.
 file:line:error style messages enabled.
 %&-line parsing enabled.
**RobustSegmentation.tex
(./RobustSegmentation.tex
LaTeX2e <2014/05/01>
Babel <3.9k> and hyphenation patterns for 78 languages loaded.
(/usr/local/texlive/2014/texmf-dist/tex/latex/base/article.cls
Document Class: article 2007/10/19 v1.4h Standard LaTeX document class
(/usr/local/texlive/2014/texmf-dist/tex/latex/base/size10.clo
File: size10.clo 2007/10/19 v1.4h Standard LaTeX file (size option)
)
\c@part=\count79
\c@section=\count80
\c@subsection=\count81
\c@subsubsection=\count82
\c@paragraph=\count83
\c@subparagraph=\count84
\c@figure=\count85
\c@table=\count86
\abovecaptionskip=\skip41
\belowcaptionskip=\skip42
\bibindent=\dimen102
) (./spconf.sty)
(/usr/local/texlive/2014/texmf-dist/tex/latex/amsmath/amsmath.sty
Package: amsmath 2013/01/14 v2.14 AMS math features
\@mathmargin=\skip43

For additional information on amsmath, use the `?' option.
(/usr/local/texlive/2014/texmf-dist/tex/latex/amsmath/amstext.sty
Package: amstext 2000/06/29 v2.01

(/usr/local/texlive/2014/texmf-dist/tex/latex/amsmath/amsgen.sty
File: amsgen.sty 1999/11/30 v2.0
\@emptytoks=\toks14
\ex@=\dimen103
))
(/usr/local/texlive/2014/texmf-dist/tex/latex/amsmath/amsbsy.sty
Package: amsbsy 1999/11/29 v1.2d
\pmbraise@=\dimen104
)
(/usr/local/texlive/2014/texmf-dist/tex/latex/amsmath/amsopn.sty
Package: amsopn 1999/12/14 v2.01 operator names
)
\inf@bad=\count87
LaTeX Info: Redefining \frac on input line 210.
\uproot@=\count88
\leftroot@=\count89
LaTeX Info: Redefining \overline on input line 306.
\classnum@=\count90
\DOTSCASE@=\count91
LaTeX Info: Redefining \ldots on input line 378.
LaTeX Info: Redefining \dots on input line 381.
LaTeX Info: Redefining \cdots on input line 466.
\Mathstrutbox@=\box26
\strutbox@=\box27
\big@size=\dimen105
LaTeX Font Info:    Redeclaring font encoding OML on input line 566.
LaTeX Font Info:    Redeclaring font encoding OMS on input line 567.
\macc@depth=\count92
\c@MaxMatrixCols=\count93
\dotsspace@=\muskip10
\c@parentequation=\count94
\dspbrk@lvl=\count95
\tag@help=\toks15
\row@=\count96
\column@=\count97
\maxfields@=\count98
\andhelp@=\toks16
\eqnshift@=\dimen106
\alignsep@=\dimen107
\tagshift@=\dimen108
\tagwidth@=\dimen109
\totwidth@=\dimen110
\lineht@=\dimen111
\@envbody=\toks17
\multlinegap=\skip44
\multlinetaggap=\skip45
\mathdisplay@stack=\toks18
LaTeX Info: Redefining \[ on input line 2665.
LaTeX Info: Redefining \] on input line 2666.
)
(/usr/local/texlive/2014/texmf-dist/tex/latex/graphics/graphicx.sty
Package: graphicx 2014/04/25 v1.0g Enhanced LaTeX Graphics (DPC,SPQR)

(/usr/local/texlive/2014/texmf-dist/tex/latex/graphics/keyval.sty
Package: keyval 2014/05/08 v1.15 key=value parser (DPC)
\KV@toks@=\toks19
)
(/usr/local/texlive/2014/texmf-dist/tex/latex/graphics/graphics.sty
Package: graphics 2009/02/05 v1.0o Standard LaTeX Graphics (DPC,SPQR)

(/usr/local/texlive/2014/texmf-dist/tex/latex/graphics/trig.sty
Package: trig 1999/03/16 v1.09 sin cos tan (DPC)
)
(/usr/local/texlive/2014/texmf-dist/tex/latex/latexconfig/graphics.cfg
File: graphics.cfg 2010/04/23 v1.9 graphics configuration of TeX Live
)
Package graphics Info: Driver file: pdftex.def on input line 91.

(/usr/local/texlive/2014/texmf-dist/tex/latex/pdftex-def/pdftex.def
File: pdftex.def 2011/05/27 v0.06d Graphics/color for pdfTeX

(/usr/local/texlive/2014/texmf-dist/tex/generic/oberdiek/infwarerr.sty
Package: infwarerr 2010/04/08 v1.3 Providing info/warning/error messages (HO)
)
(/usr/local/texlive/2014/texmf-dist/tex/generic/oberdiek/ltxcmds.sty
Package: ltxcmds 2011/11/09 v1.22 LaTeX kernel commands for general use (HO)
)
\Gread@gobject=\count99
))
\Gin@req@height=\dimen112
\Gin@req@width=\dimen113
)
(/usr/local/texlive/2014/texmf-dist/tex/latex/subfigure/subfigure.sty
Package: subfigure 2002/03/15 v2.1.5 subfigure package
\subfigtopskip=\skip46
\subfigcapskip=\skip47
\subfigcaptopadj=\dimen114
\subfigbottomskip=\skip48
\subfigcapmargin=\dimen115
\subfiglabelskip=\skip49
\c@subfigure=\count100
\c@lofdepth=\count101
\c@subtable=\count102
\c@lotdepth=\count103

****************************************
* Local config file subfigure.cfg used *
****************************************
(/usr/local/texlive/2014/texmf-dist/tex/latex/subfigure/subfigure.cfg)
\subfig@top=\skip50
\subfig@bottom=\skip51
)
(/usr/local/texlive/2014/texmf-dist/tex/latex/algorithmicx/algorithmicx.sty
Package: algorithmicx 2005/04/27 v1.2 Algorithmicx

(/usr/local/texlive/2014/texmf-dist/tex/latex/base/ifthen.sty
Package: ifthen 2001/05/26 v1.1c Standard LaTeX ifthen package (DPC)
)
Document Style algorithmicx 1.2 - a greatly improved `algorithmic' style
\c@ALG@line=\count104
\c@ALG@rem=\count105
\c@ALG@nested=\count106
\ALG@tlm=\skip52
\ALG@thistlm=\skip53
\c@ALG@Lnr=\count107
\c@ALG@blocknr=\count108
\c@ALG@storecount=\count109
\c@ALG@tmpcounter=\count110
\ALG@tmplength=\skip54
) (/usr/local/texlive/2014/texmf-dist/tex/latex/algorithms/algorithm.sty
Package: algorithm 2009/08/24 v0.1 Document Style `algorithm' - floating enviro
nment

(/usr/local/texlive/2014/texmf-dist/tex/latex/float/float.sty
Package: float 2001/11/08 v1.3d Float enhancements (AL)
\c@float@type=\count111
\float@exts=\toks20
\float@box=\box28
\@float@everytoks=\toks21
\@floatcapt=\box29
)
\@float@every@algorithm=\toks22
\c@algorithm=\count112
)
(/usr/local/texlive/2014/texmf-dist/tex/latex/algorithmicx/algpseudocode.sty
Package: algpseudocode 

Document Style - pseudocode environments for use with the `algorithmicx' style
) (/usr/local/texlive/2014/texmf-dist/tex/latex/tools/array.sty
Package: array 2008/09/09 v2.4c Tabular extension package (FMi)
\col@sep=\dimen116
\extrarowheight=\dimen117
\NC@list=\toks23
\extratabsurround=\skip55
\backup@length=\skip56
)
(/usr/local/texlive/2014/texmf-dist/tex/latex/graphics/color.sty
Package: color 2014/04/23 v1.1a Standard LaTeX Color (DPC)

(/usr/local/texlive/2014/texmf-dist/tex/latex/latexconfig/color.cfg
File: color.cfg 2007/01/18 v1.5 color configuration of teTeX/TeXLive
)
Package color Info: Driver file: pdftex.def on input line 137.
)
(./RobustSegmentation.aux)
\openout1 = `RobustSegmentation.aux'.

LaTeX Font Info:    Checking defaults for OML/cmm/m/it on input line 51.
LaTeX Font Info:    ... okay on input line 51.
LaTeX Font Info:    Checking defaults for T1/cmr/m/n on input line 51.
LaTeX Font Info:    ... okay on input line 51.
LaTeX Font Info:    Checking defaults for OT1/cmr/m/n on input line 51.
LaTeX Font Info:    ... okay on input line 51.
LaTeX Font Info:    Checking defaults for OMS/cmsy/m/n on input line 51.
LaTeX Font Info:    ... okay on input line 51.
LaTeX Font Info:    Checking defaults for OMX/cmex/m/n on input line 51.
LaTeX Font Info:    ... okay on input line 51.
LaTeX Font Info:    Checking defaults for U/cmr/m/n on input line 51.
LaTeX Font Info:    ... okay on input line 51.
LaTeX Font Info:    Try loading font information for OT1+ptm on input line 51.

(/usr/local/texlive/2014/texmf-dist/tex/latex/psnfss/ot1ptm.fd
File: ot1ptm.fd 2001/06/04 font definitions for OT1/ptm.
)
(/usr/local/texlive/2014/texmf-dist/tex/context/base/supp-pdf.mkii
[Loading MPS to PDF converter (version 2006.09.02).]
\scratchcounter=\count113
\scratchdimen=\dimen118
\scratchbox=\box30
\nofMPsegments=\count114
\nofMParguments=\count115
\everyMPshowfont=\toks24
\MPscratchCnt=\count116
\MPscratchDim=\dimen119
\MPnumerator=\count117
\makeMPintoPDFobject=\count118
\everyMPtoPDFconversion=\toks25
) (/usr/local/texlive/2014/texmf-dist/tex/generic/oberdiek/pdftexcmds.sty
Package: pdftexcmds 2011/11/29 v0.20 Utility functions of pdfTeX for LuaTeX (HO
)

(/usr/local/texlive/2014/texmf-dist/tex/generic/oberdiek/ifluatex.sty
Package: ifluatex 2010/03/01 v1.3 Provides the ifluatex switch (HO)
Package ifluatex Info: LuaTeX not detected.
)
(/usr/local/texlive/2014/texmf-dist/tex/generic/oberdiek/ifpdf.sty
Package: ifpdf 2011/01/30 v2.3 Provides the ifpdf switch (HO)
Package ifpdf Info: pdfTeX in PDF mode is detected.
)
Package pdftexcmds Info: LuaTeX not detected.
Package pdftexcmds Info: \pdf@primitive is available.
Package pdftexcmds Info: \pdf@ifprimitive is available.
Package pdftexcmds Info: \pdfdraftmode found.
)
(/usr/local/texlive/2014/texmf-dist/tex/latex/oberdiek/epstopdf-base.sty
Package: epstopdf-base 2010/02/09 v2.5 Base part for package epstopdf

(/usr/local/texlive/2014/texmf-dist/tex/latex/oberdiek/grfext.sty
Package: grfext 2010/08/19 v1.1 Manage graphics extensions (HO)

(/usr/local/texlive/2014/texmf-dist/tex/generic/oberdiek/kvdefinekeys.sty
Package: kvdefinekeys 2011/04/07 v1.3 Define keys (HO)
))
(/usr/local/texlive/2014/texmf-dist/tex/latex/oberdiek/kvoptions.sty
Package: kvoptions 2011/06/30 v3.11 Key value format for package options (HO)

(/usr/local/texlive/2014/texmf-dist/tex/generic/oberdiek/kvsetkeys.sty
Package: kvsetkeys 2012/04/25 v1.16 Key value parser (HO)

(/usr/local/texlive/2014/texmf-dist/tex/generic/oberdiek/etexcmds.sty
Package: etexcmds 2011/02/16 v1.5 Avoid name clashes with e-TeX commands (HO)
Package etexcmds Info: Could not find \expanded.
(etexcmds)             That can mean that you are not using pdfTeX 1.50 or
(etexcmds)             that some package has redefined \expanded.
(etexcmds)             In the latter case, load this package earlier.
)))
Package grfext Info: Graphics extension search list:
(grfext)             [.png,.pdf,.jpg,.mps,.jpeg,.jbig2,.jb2,.PNG,.PDF,.JPG,.JPE
G,.JBIG2,.JB2,.eps]
(grfext)             \AppendGraphicsExtensions on input line 452.

(/usr/local/texlive/2014/texmf-dist/tex/latex/latexconfig/epstopdf-sys.cfg
File: epstopdf-sys.cfg 2010/07/13 v1.3 Configuration of (r)epstopdf for TeX Liv
e
))
LaTeX Font Info:    Font shape `OT1/ptm/bx/n' in size <12> not available
(Font)              Font shape `OT1/ptm/b/n' tried instead on input line 54.
LaTeX Font Info:    Font shape `OT1/ptm/bx/n' in size <10> not available
(Font)              Font shape `OT1/ptm/b/n' tried instead on input line 56.
LaTeX Font Info:    Font shape `OT1/ptm/bx/it' in size <10> not available
(Font)              Font shape `OT1/ptm/b/it' tried instead on input line 60.

Underfull \hbox (badness 1303) in paragraph at lines 60--62
\OT1/ptm/m/n/10 Re-fine-ment, Geodesic Dis-tance, Con-vex Ac-tive Con-tour
 []


Underfull \hbox (badness 1067) in paragraph at lines 75--77
\OT1/ptm/m/n/10 men-ta-tion ap-proaches: boundary-based and region-based
 []


LaTeX Warning: Citation `ChanV01' on page 1 undefined on input line 78.


LaTeX Warning: Citation `Mumford89' on page 1 undefined on input line 78.


Underfull \hbox (badness 2285) in paragraph at lines 78--80
\OT1/ptm/m/n/10 ground/background Gaus-sian Mix-ture Models(GMMs)[[]]
 []


LaTeX Warning: Citation `KassWT88' on page 1 undefined on input line 81.


LaTeX Warning: Citation `CasellesKS97' on page 1 undefined on input line 81.

<Figures/1_a.pdf, id=1, 322.20375pt x 482.80376pt>
File: Figures/1_a.pdf Graphic file (type pdf)
 <use Figures/1_a.pdf>
Package pdftex.def Info: Figures/1_a.pdf used on input line 85.
(pdftex.def)             Requested size: 56.2785pt x 84.32985pt.

<Figures/1_b.pdf, id=2, 241.6227pt x 362.05763pt>
File: Figures/1_b.pdf Graphic file (type pdf)
 <use Figures/1_b.pdf>
Package pdftex.def Info: Figures/1_b.pdf used on input line 86.
(pdftex.def)             Requested size: 56.2785pt x 84.32668pt.

<Figures/1_c.pdf, id=3, 322.20375pt x 482.80376pt>
File: Figures/1_c.pdf Graphic file (type pdf)
 <use Figures/1_c.pdf>
Package pdftex.def Info: Figures/1_c.pdf used on input line 87.
(pdftex.def)             Requested size: 56.2785pt x 84.32985pt.

<Figures/1_d.pdf, id=4, 241.6227pt x 362.05763pt>
File: Figures/1_d.pdf Graphic file (type pdf)
 <use Figures/1_d.pdf>
Package pdftex.def Info: Figures/1_d.pdf used on input line 88.
(pdftex.def)             Requested size: 56.2785pt x 84.32668pt.

Underfull \vbox (badness 10000) has occurred while \output is active []

 [1{/usr/local/texlive/2014/texmf-var/fonts/map/pdftex/updmap/pdftex.map}



]
LaTeX Font Info:    Try loading font information for OMS+ptm on input line 104.


(/usr/local/texlive/2014/texmf-dist/tex/latex/psnfss/omsptm.fd
File: omsptm.fd 
)
LaTeX Font Info:    Font shape `OMS/ptm/m/n' in size <10> not available
(Font)              Font shape `OMS/cmsy/m/n' tried instead on input line 104.

Underfull \hbox (badness 1259) in paragraph at lines 104--105
\OT1/ptm/m/n/10 with con-vex ac-tive con-tour model to en-hance the
 []


Underfull \hbox (badness 1577) in paragraph at lines 107--109
\OT1/ptm/m/n/10 Experiments on MSRC dataset show that the pro-posed
 []

<Figures/2_a.pdf, id=15, 482.80376pt x 322.20375pt>
File: Figures/2_a.pdf Graphic file (type pdf)
 <use Figures/2_a.pdf>
Package pdftex.def Info: Figures/2_a.pdf used on input line 149.
(pdftex.def)             Requested size: 113.81102pt x 75.94896pt.

<Figures/2_b.pdf, id=16, 362.05763pt x 241.6227pt>
File: Figures/2_b.pdf Graphic file (type pdf)
 <use Figures/2_b.pdf>
Package pdftex.def Info: Figures/2_b.pdf used on input line 150.
(pdftex.def)             Requested size: 113.81102pt x 75.953pt.

[2 <./Figures/1_a.pdf> <./Figures/1_b.pdf> <./Figures/1_c.pdf> <./Figures/1_d.p
df

pdfTeX warning: /usr/texbin/pdflatex (file ./Figures/1_d.pdf): PDF inclusion: m
ultiple pdfs with page group included in a single page
> <./Figures/2_a.pdf> <./Figures/2_b.pdf

pdfTeX warning: /usr/texbin/pdflatex (file ./Figures/2_b.pdf): PDF inclusion: m
ultiple pdfs with page group included in a single page
>]

LaTeX Warning: Citation `demo' on page 3 undefined on input line 192.

<Figures/pipe.pdf, id=158, 426.59375pt x 428.60126pt>
File: Figures/pipe.pdf Graphic file (type pdf)
 <use Figures/pipe.pdf>
Package pdftex.def Info: Figures/pipe.pdf used on input line 196.
(pdftex.def)             Requested size: 195.75569pt x 196.68155pt.

<Figures/3a_1.pdf, id=159, 322.20375pt x 482.80376pt>
File: Figures/3a_1.pdf Graphic file (type pdf)
 <use Figures/3a_1.pdf>
Package pdftex.def Info: Figures/3a_1.pdf used on input line 222.
(pdftex.def)             Requested size: 56.9055pt x 85.26546pt.

<Figures/3a_2.pdf, id=160, 241.6227pt x 362.05763pt>
File: Figures/3a_2.pdf Graphic file (type pdf)
 <use Figures/3a_2.pdf>
Package pdftex.def Info: Figures/3a_2.pdf used on input line 223.
(pdftex.def)             Requested size: 56.9055pt x 85.26585pt.

<Figures/3a_3.pdf, id=161, 241.6227pt x 362.05763pt>
File: Figures/3a_3.pdf Graphic file (type pdf)
 <use Figures/3a_3.pdf>
Package pdftex.def Info: Figures/3a_3.pdf used on input line 224.
(pdftex.def)             Requested size: 56.9055pt x 85.26585pt.

<Figures/3a_4.pdf, id=162, 241.6227pt x 362.05763pt>
File: Figures/3a_4.pdf Graphic file (type pdf)
 <use Figures/3a_4.pdf>
Package pdftex.def Info: Figures/3a_4.pdf used on input line 225.
(pdftex.def)             Requested size: 56.9055pt x 85.26585pt.

[3 <./Figures/pipe.pdf> <./Figures/3a_1.pdf> <./Figures/3a_2.pdf

pdfTeX warning: /usr/texbin/pdflatex (file ./Figures/3a_2.pdf): PDF inclusion: 
multiple pdfs with page group included in a single page
> <./Figures/3a_3.pdf

pdfTeX warning: /usr/texbin/pdflatex (file ./Figures/3a_3.pdf): PDF inclusion: 
multiple pdfs with page group included in a single page
> <./Figures/3a_4.pdf

pdfTeX warning: /usr/texbin/pdflatex (file ./Figures/3a_4.pdf): PDF inclusion: 
multiple pdfs with page group included in a single page
>] <Figures/4a_0.pdf, id=285, 482.80376pt x 322.20375pt>
File: Figures/4a_0.pdf Graphic file (type pdf)

<use Figures/4a_0.pdf>
Package pdftex.def Info: Figures/4a_0.pdf used on input line 258.
(pdftex.def)             Requested size: 53.8329pt x 35.92433pt.
 <Figures/4a_1.pdf, id=286, 482.74252pt x 322.16359pt>
File: Figures/4a_1.pdf Graphic file (type pdf)

<use Figures/4a_1.pdf>
Package pdftex.def Info: Figures/4a_1.pdf used on input line 258.
(pdftex.def)             Requested size: 53.8329pt x 35.92476pt.
 <Figures/4a_2.pdf, id=287, 362.05763pt x 241.6227pt>
File: Figures/4a_2.pdf Graphic file (type pdf)

<use Figures/4a_2.pdf>
Package pdftex.def Info: Figures/4a_2.pdf used on input line 258.
(pdftex.def)             Requested size: 53.8329pt x 35.92476pt.
 <Figures/4a_3.pdf, id=288, 362.05763pt x 241.6227pt>
File: Figures/4a_3.pdf Graphic file (type pdf)

<use Figures/4a_3.pdf>
Package pdftex.def Info: Figures/4a_3.pdf used on input line 258.
(pdftex.def)             Requested size: 53.8329pt x 35.92476pt.
 <Figures/4b_0.pdf, id=289, 482.80376pt x 322.20375pt>
File: Figures/4b_0.pdf Graphic file (type pdf)

<use Figures/4b_0.pdf>
Package pdftex.def Info: Figures/4b_0.pdf used on input line 262.
(pdftex.def)             Requested size: 53.8329pt x 35.92433pt.
 <Figures/4b_1.pdf, id=290, 482.74252pt x 322.16359pt>
File: Figures/4b_1.pdf Graphic file (type pdf)

<use Figures/4b_1.pdf>
Package pdftex.def Info: Figures/4b_1.pdf used on input line 262.
(pdftex.def)             Requested size: 53.8329pt x 35.92476pt.
 <Figures/4b_2.pdf, id=291, 482.74252pt x 322.16359pt>
File: Figures/4b_2.pdf Graphic file (type pdf)

<use Figures/4b_2.pdf>
Package pdftex.def Info: Figures/4b_2.pdf used on input line 262.
(pdftex.def)             Requested size: 53.8329pt x 35.92476pt.
 <Figures/4b_3.pdf, id=292, 482.74252pt x 322.16359pt>
File: Figures/4b_3.pdf Graphic file (type pdf)

<use Figures/4b_3.pdf>
Package pdftex.def Info: Figures/4b_3.pdf used on input line 262.
(pdftex.def)             Requested size: 53.8329pt x 35.92476pt.
 <Figures/4c_0.pdf, id=293, 322.20375pt x 482.80376pt>
File: Figures/4c_0.pdf Graphic file (type pdf)

<use Figures/4c_0.pdf>
Package pdftex.def Info: Figures/4c_0.pdf used on input line 266.
(pdftex.def)             Requested size: 53.8329pt x 80.66109pt.
 <Figures/4c_1.pdf, id=294, 241.6227pt x 362.05763pt>
File: Figures/4c_1.pdf Graphic file (type pdf)

<use Figures/4c_1.pdf>
Package pdftex.def Info: Figures/4c_1.pdf used on input line 266.
(pdftex.def)             Requested size: 53.8329pt x 80.66391pt.
 <Figures/4c_2.pdf, id=295, 241.6227pt x 362.05763pt>
File: Figures/4c_2.pdf Graphic file (type pdf)

<use Figures/4c_2.pdf>
Package pdftex.def Info: Figures/4c_2.pdf used on input line 266.
(pdftex.def)             Requested size: 53.8329pt x 80.66391pt.
 <Figures/4c_3.pdf, id=296, 241.6227pt x 362.05763pt>
File: Figures/4c_3.pdf Graphic file (type pdf)

<use Figures/4c_3.pdf>
Package pdftex.def Info: Figures/4c_3.pdf used on input line 266.
(pdftex.def)             Requested size: 53.8329pt x 80.66391pt.
 <Figures/4d_0.pdf, id=297, 482.80376pt x 322.20375pt>
File: Figures/4d_0.pdf Graphic file (type pdf)

<use Figures/4d_0.pdf>
Package pdftex.def Info: Figures/4d_0.pdf used on input line 270.
(pdftex.def)             Requested size: 53.8329pt x 35.92433pt.
 <Figures/4d_1.pdf, id=298, 362.05763pt x 241.6227pt>
File: Figures/4d_1.pdf Graphic file (type pdf)

<use Figures/4d_1.pdf>
Package pdftex.def Info: Figures/4d_1.pdf used on input line 270.
(pdftex.def)             Requested size: 53.8329pt x 35.92476pt.
 <Figures/4d_2.pdf, id=299, 362.05763pt x 241.6227pt>
File: Figures/4d_2.pdf Graphic file (type pdf)

<use Figures/4d_2.pdf>
Package pdftex.def Info: Figures/4d_2.pdf used on input line 270.
(pdftex.def)             Requested size: 53.8329pt x 35.92476pt.
 <Figures/4d_3.pdf, id=300, 362.05763pt x 241.6227pt>
File: Figures/4d_3.pdf Graphic file (type pdf)

<use Figures/4d_3.pdf>
Package pdftex.def Info: Figures/4d_3.pdf used on input line 270.
(pdftex.def)             Requested size: 53.8329pt x 35.92476pt.
 <Figures/5a_1.pdf, id=301, 322.20375pt x 482.80376pt>
File: Figures/5a_1.pdf Graphic file (type pdf)

<use Figures/5a_1.pdf>
Package pdftex.def Info: Figures/5a_1.pdf used on input line 281.
(pdftex.def)             Requested size: 56.2785pt x 84.32985pt.
 <Figures/5a_2.pdf, id=302, 241.6227pt x 362.05763pt>
File: Figures/5a_2.pdf Graphic file (type pdf)

<use Figures/5a_2.pdf>
Package pdftex.def Info: Figures/5a_2.pdf used on input line 282.
(pdftex.def)             Requested size: 56.2785pt x 84.32668pt.
 <Figures/5b_1.pdf, id=303, 322.20375pt x 482.80376pt>
File: Figures/5b_1.pdf Graphic file (type pdf)

<use Figures/5b_1.pdf>
Package pdftex.def Info: Figures/5b_1.pdf used on input line 283.
(pdftex.def)             Requested size: 56.2785pt x 84.32985pt.
 <Figures/5b_2.pdf, id=304, 241.6227pt x 362.05763pt>
File: Figures/5b_2.pdf Graphic file (type pdf)

<use Figures/5b_2.pdf>
Package pdftex.def Info: Figures/5b_2.pdf used on input line 284.
(pdftex.def)             Requested size: 56.2785pt x 84.32668pt.


LaTeX Warning: Citation `sub' on page 4 undefined on input line 308.

(./RobustSegmentation.bbl [4 <./Figures/4a_0.pdf> <./Figures/4a_1.pdf> <./Figur
es/4a_2.pdf> <./Figures/4a_3.pdf

pdfTeX warning: /usr/texbin/pdflatex (file ./Figures/4a_3.pdf): PDF inclusion: 
multiple pdfs with page group included in a single page
> <./Figures/4b_0.pdf> <./Figures/4b_1.pdf> <./Figures/4b_2.pdf> <./Figures/4b_
3.pdf> <./Figures/4c_0.pdf> <./Figures/4c_1.pdf

pdfTeX warning: /usr/texbin/pdflatex (file ./Figures/4c_1.pdf): PDF inclusion: 
multiple pdfs with page group included in a single page
> <./Figures/4c_2.pdf

pdfTeX warning: /usr/texbin/pdflatex (file ./Figures/4c_2.pdf): PDF inclusion: 
multiple pdfs with page group included in a single page
> <./Figures/4c_3.pdf

pdfTeX warning: /usr/texbin/pdflatex (file ./Figures/4c_3.pdf): PDF inclusion: 
multiple pdfs with page group included in a single page
> <./Figures/4d_0.pdf> <./Figures/4d_1.pdf

pdfTeX warning: /usr/texbin/pdflatex (file ./Figures/4d_1.pdf): PDF inclusion: 
multiple pdfs with page group included in a single page
> <./Figures/4d_2.pdf

pdfTeX warning: /usr/texbin/pdflatex (file ./Figures/4d_2.pdf): PDF inclusion: 
multiple pdfs with page group included in a single page
> <./Figures/4d_3.pdf

pdfTeX warning: /usr/texbin/pdflatex (file ./Figures/4d_3.pdf): PDF inclusion: 
multiple pdfs with page group included in a single page
> <./Figures/5a_1.pdf> <./Figures/5a_2.pdf

pdfTeX warning: /usr/texbin/pdflatex (file ./Figures/5a_2.pdf): PDF inclusion: 
multiple pdfs with page group included in a single page
> <./Figures/5b_1.pdf> <./Figures/5b_2.pdf

pdfTeX warning: /usr/texbin/pdflatex (file ./Figures/5b_2.pdf): PDF inclusion: 
multiple pdfs with page group included in a single page
>]
Underfull \hbox (badness 5475) in paragraph at lines 82--85
[]\OT1/ptm/m/n/10 D Lischin-ski, Z Farb-man, M Uyt-ten-daele, and
 []

) [5] (./RobustSegmentation.aux)

LaTeX Warning: There were undefined references.

 ) 
Here is how much of TeX's memory you used:
 3246 strings out of 493117
 45360 string characters out of 6135432
 112325 words of memory out of 5000000
 6612 multiletter control sequences out of 15000+600000
 25130 words of font info for 53 fonts, out of 8000000 for 9000
 1141 hyphenation exceptions out of 8191
 38i,12n,24p,1056b,313s stack positions out of 5000i,500n,10000p,200000b,80000s
{/usr/local/texlive/2014/texmf-dist/fonts/enc/dvips/base/8r.enc}</usr/local/t
exlive/2014/texmf-dist/fonts/type1/public/amsfonts/cm/cmex10.pfb></usr/local/te
xlive/2014/texmf-dist/fonts/type1/public/amsfonts/cm/cmmi10.pfb></usr/local/tex
live/2014/texmf-dist/fonts/type1/public/amsfonts/cm/cmmi7.pfb></usr/local/texli
ve/2014/texmf-dist/fonts/type1/public/amsfonts/cm/cmr10.pfb></usr/local/texlive
/2014/texmf-dist/fonts/type1/public/amsfonts/cm/cmr7.pfb></usr/local/texlive/20
14/texmf-dist/fonts/type1/public/amsfonts/cm/cmr8.pfb></usr/local/texlive/2014/
texmf-dist/fonts/type1/public/amsfonts/cm/cmsy10.pfb></usr/local/texlive/2014/t
exmf-dist/fonts/type1/public/amsfonts/cm/cmsy7.pfb></usr/local/texlive/2014/tex
mf-dist/fonts/type1/urw/times/utmb8a.pfb></usr/local/texlive/2014/texmf-dist/fo
nts/type1/urw/times/utmbi8a.pfb></usr/local/texlive/2014/texmf-dist/fonts/type1
/urw/times/utmr8a.pfb></usr/local/texlive/2014/texmf-dist/fonts/type1/urw/times
/utmri8a.pfb>
Output written on RobustSegmentation.pdf (5 pages, 13459664 bytes).
PDF statistics:
 782 PDF objects out of 1000 (max. 8388607)
 284 compressed objects within 3 object streams
 0 named destinations out of 1000 (max. 500000)
 156 words of extra memory for PDF output out of 10000 (max. 10000000)

